<?xml version="1.0" encoding="UTF-8"?>
<testsuite xmlns:xsi="http://www.w3.org/2001/XMLSchema-instance" xsi:noNamespaceSchemaLocation="https://maven.apache.org/surefire/maven-surefire-plugin/xsd/surefire-test-report.xsd" version="3.0.2" name="com.demanzon.app.AppApplicationTests" time="2.871" tests="1" errors="0" skipped="0" failures="0">
  <properties>
[...]
</properties>
  <testcase name="contextLoads" classname="com.demanzon.app.AppApplicationTests" time="1.505">
    <system-out><![CDATA[14:28:48.517 [main] INFO org.springframework.test.context.support.AnnotationConfigContextLoaderUtils -- Could not detect default configuration classes for test class [com.demanzon.app.AppApplicationTests]: AppApplicationTests does not declare any static, non-private, non-final, nested classes annotated with @Configuration.
14:28:48.621 [main] INFO org.springframework.boot.test.context.SpringBootTestContextBootstrapper -- Found @SpringBootConfiguration com.demanzon.app.AppApplication for test class com.demanzon.app.AppApplicationTests
14:28:48.755 [main] INFO org.springframework.boot.devtools.restart.RestartApplicationListener -- Restart disabled due to context in which it is running

  .   ____          _            __ _ _
 /\\ / ___'_ __ _ _(_)_ __  __ _ \ \ \ \
( ( )\___ | '_ | '_| | '_ \/ _` | \ \ \ \
 \\/  ___)| |_)| | | | | || (_| |  ) ) ) )
  '  |____| .__|_| |_|_| |_\__, | / / / /
 =========|_|==============|___/=/_/_/_/

 :: Spring Boot ::                (v4.0.3)

2026-02-26T14:28:48.946Z  INFO 18284 --- [appspring.main.web-application-type=none] [           main] com.demanzon.app.AppApplicationTests     : Starting AppApplicationTests using Java 25.0.1 with PID 18284 (started by Miguel Ángel in c:\Users\Miguel Ángel\OneDrive\Documentos\dam2\empresa\Demanzon)
2026-02-26T14:28:48.948Z  INFO 18284 --- [appspring.main.web-application-type=none] [           main] com.demanzon.app.AppApplicationTests     : No active profile set, falling back to 1 default profile: "default"
2026-02-26T14:28:49.662Z  WARN 18284 --- [appspring.main.web-application-type=none] [           main] ion$DefaultTemplateResolverConfiguration : Cannot find template location: classpath:/templates/ (please add some templates, check your Thymeleaf configuration, or set spring.thymeleaf.check-template-location=false)
2026-02-26T14:28:49.735Z  INFO 18284 --- [appspring.main.web-application-type=none] [           main] com.demanzon.app.AppApplicationTests     : Started AppApplicationTests in 0.989 seconds (process running for 1.819)
]]></system-out>
    <system-err><![CDATA[Mockito is currently self-attaching to enable the inline-mock-maker. This will no longer work in future releases of the JDK. Please add Mockito as an agent to your build as described in Mockito's documentation: https://javadoc.io/doc/org.mockito/mockito-core/latest/org.mockito/org/mockito/Mockito.html#0.3
Mockito is currently self-attaching to enable the inline-mock-maker. This will no longer work in future releases of the JDK. Please add Mockito as an agent to your build as described in Mockito's documentation: https://javadoc.io/doc/org.mockito/mockito-core/latest/org.mockito/org/mockito/Mockito.html#0.3
]]></system-err>
  </testcase>
</testsuite>